0 silly argv {
0 silly argv   _: [ 'clean' ],
0 silly argv   lernaVersion: '3.20.2',
0 silly argv   '$0': 'node_modules\\lerna\\cli.js'
0 silly argv }
1 notice cli v3.20.2
2 verbose rootPath C:\Users\ndozmorov\Downloads\yndx-shri-task-ci-workers (1)\yndx-shri-task-ci-workers
3 info Removing the following directories:
4 info clean packages\build-agent\node_modules
4 info clean packages\build-server\node_modules
4 info clean packages\config-server-ui-e2e\node_modules
4 info clean packages\config-server-ui\node_modules
4 info clean packages\config-server\node_modules
4 info clean packages\shared\node_modules
5 info clean removing C:\Users\ndozmorov\Downloads\yndx-shri-task-ci-workers (1)\yndx-shri-task-ci-workers\packages\build-agent\node_modules
6 silly rimrafDir C:\Users\ndozmorov\Downloads\yndx-shri-task-ci-workers (1)\yndx-shri-task-ci-workers\packages\build-agent\node_modules
7 info clean removing C:\Users\ndozmorov\Downloads\yndx-shri-task-ci-workers (1)\yndx-shri-task-ci-workers\packages\build-server\node_modules
8 silly rimrafDir C:\Users\ndozmorov\Downloads\yndx-shri-task-ci-workers (1)\yndx-shri-task-ci-workers\packages\build-server\node_modules
9 info clean removing C:\Users\ndozmorov\Downloads\yndx-shri-task-ci-workers (1)\yndx-shri-task-ci-workers\packages\config-server-ui-e2e\node_modules
10 silly rimrafDir C:\Users\ndozmorov\Downloads\yndx-shri-task-ci-workers (1)\yndx-shri-task-ci-workers\packages\config-server-ui-e2e\node_modules
11 info clean removing C:\Users\ndozmorov\Downloads\yndx-shri-task-ci-workers (1)\yndx-shri-task-ci-workers\packages\config-server-ui\node_modules
12 silly rimrafDir C:\Users\ndozmorov\Downloads\yndx-shri-task-ci-workers (1)\yndx-shri-task-ci-workers\packages\config-server-ui\node_modules
13 info clean removing C:\Users\ndozmorov\Downloads\yndx-shri-task-ci-workers (1)\yndx-shri-task-ci-workers\packages\config-server\node_modules
14 silly rimrafDir C:\Users\ndozmorov\Downloads\yndx-shri-task-ci-workers (1)\yndx-shri-task-ci-workers\packages\config-server\node_modules
15 info clean removing C:\Users\ndozmorov\Downloads\yndx-shri-task-ci-workers (1)\yndx-shri-task-ci-workers\packages\shared\node_modules
16 silly rimrafDir C:\Users\ndozmorov\Downloads\yndx-shri-task-ci-workers (1)\yndx-shri-task-ci-workers\packages\shared\node_modules
17 verbose rimrafDir removed C:\Users\ndozmorov\Downloads\yndx-shri-task-ci-workers (1)\yndx-shri-task-ci-workers\packages\build-agent\node_modules
18 verbose rimrafDir removed C:\Users\ndozmorov\Downloads\yndx-shri-task-ci-workers (1)\yndx-shri-task-ci-workers\packages\build-server\node_modules
19 verbose rimrafDir removed C:\Users\ndozmorov\Downloads\yndx-shri-task-ci-workers (1)\yndx-shri-task-ci-workers\packages\config-server\node_modules
20 error Error: Command failed: C:\Program Files\nodejs\node.exe C:\Users\ndozmorov\Downloads\yndx-shri-task-ci-workers (1)\yndx-shri-task-ci-workers\node_modules\rimraf\bin.js --no-glob C:\Users\ndozmorov\Downloads\yndx-shri-task-ci-workers (1)\yndx-shri-task-ci-workers\packages\shared\node_modules\
20 error     at makeError (C:\Users\ndozmorov\Downloads\yndx-shri-task-ci-workers (1)\yndx-shri-task-ci-workers\node_modules\execa\index.js:174:9)
20 error     at C:\Users\ndozmorov\Downloads\yndx-shri-task-ci-workers (1)\yndx-shri-task-ci-workers\node_modules\execa\index.js:278:16
